TN:
SF:index.js
FN:30,(anonymous_0)
FN:39,(anonymous_1)
FN:43,(anonymous_2)
FN:54,(anonymous_3)
FN:60,(anonymous_4)
FN:91,(anonymous_5)
FN:96,(anonymous_6)
FN:107,(anonymous_7)
FN:115,(anonymous_8)
FN:125,(anonymous_9)
FN:151,(anonymous_10)
FN:172,(anonymous_11)
FNF:12
FNH:6
FNDA:0,(anonymous_0)
FNDA:0,(anonymous_1)
FNDA:0,(anonymous_2)
FNDA:3,(anonymous_3)
FNDA:3,(anonymous_4)
FNDA:2,(anonymous_5)
FNDA:2,(anonymous_6)
FNDA:0,(anonymous_7)
FNDA:0,(anonymous_8)
FNDA:4,(anonymous_9)
FNDA:4,(anonymous_10)
FNDA:0,(anonymous_11)
DA:1,1
DA:2,1
DA:3,1
DA:4,1
DA:5,1
DA:8,1
DA:11,1
DA:12,1
DA:15,1
DA:18,1
DA:21,1
DA:30,1
DA:31,0
DA:32,0
DA:33,0
DA:35,0
DA:39,1
DA:40,0
DA:41,0
DA:43,0
DA:44,0
DA:45,0
DA:46,0
DA:48,0
DA:49,0
DA:54,1
DA:55,3
DA:56,3
DA:59,3
DA:60,3
DA:61,3
DA:62,0
DA:63,0
DA:65,3
DA:66,1
DA:67,1
DA:70,2
DA:71,2
DA:74,2
DA:76,2
DA:77,1
DA:78,1
DA:80,1
DA:81,1
DA:91,1
DA:92,2
DA:93,2
DA:94,2
DA:96,2
DA:97,2
DA:98,1
DA:99,1
DA:101,1
DA:102,1
DA:107,1
DA:108,0
DA:109,0
DA:111,0
DA:113,0
DA:115,0
DA:116,0
DA:117,0
DA:118,0
DA:120,0
DA:121,0
DA:125,1
DA:126,4
DA:127,4
DA:130,4
DA:141,4
DA:144,4
DA:145,4
DA:146,4
DA:149,4
DA:151,4
DA:152,4
DA:153,1
DA:154,1
DA:158,3
DA:159,1
DA:163,2
DA:164,2
DA:170,1
DA:172,0
DA:173,0
DA:176,1
LF:86
LH:60
BRDA:31,0,0,0
BRDA:31,0,1,0
BRDA:44,1,0,0
BRDA:44,1,1,0
BRDA:61,2,0,0
BRDA:61,2,1,3
BRDA:65,3,0,1
BRDA:65,3,1,2
BRDA:76,4,0,1
BRDA:76,4,1,1
BRDA:97,5,0,1
BRDA:97,5,1,1
BRDA:116,6,0,0
BRDA:116,6,1,0
BRDA:144,7,0,4
BRDA:144,7,1,0
BRDA:152,8,0,1
BRDA:152,8,1,3
BRDA:158,9,0,1
BRDA:158,9,1,2
BRDA:170,10,0,0
BRDA:170,10,1,1
BRF:22
BRH:13
end_of_record
