<?xml version="1.0" encoding="UTF-8"?>
<coverage generated="1733083758840" clover="3.2.0">
  <project timestamp="1733083758841" name="All files">
    <metrics statements="125" coveredstatements="91" conditionals="43" coveredconditionals="26" methods="25" coveredmethods="17" elements="193" coveredelements="134" complexity="0" loc="125" ncloc="125" packages="3" files="5" classes="5"/>
    <package name="backend">
      <metrics statements="87" coveredstatements="61" conditionals="22" coveredconditionals="14" methods="12" coveredmethods="6"/>
      <file name="index.js" path="C:\Users\katar\OneDrive\Dokumenti\RIRS vaje\vaja_testiranje\RIRS\aplikacija\backend\index.js">
        <metrics statements="87" coveredstatements="61" conditionals="22" coveredconditionals="14" methods="12" coveredmethods="6"/>
        <line num="1" count="1" type="stmt"/>
        <line num="2" count="1" type="stmt"/>
        <line num="3" count="1" type="stmt"/>
        <line num="4" count="1" type="stmt"/>
        <line num="5" count="1" type="stmt"/>
        <line num="8" count="1" type="stmt"/>
        <line num="11" count="1" type="stmt"/>
        <line num="12" count="1" type="stmt"/>
        <line num="15" count="1" type="stmt"/>
        <line num="18" count="1" type="stmt"/>
        <line num="21" count="1" type="stmt"/>
        <line num="30" count="1" type="stmt"/>
        <line num="31" count="0" type="cond" truecount="0" falsecount="2"/>
        <line num="32" count="0" type="stmt"/>
        <line num="33" count="0" type="stmt"/>
        <line num="35" count="0" type="stmt"/>
        <line num="39" count="1" type="stmt"/>
        <line num="40" count="0" type="stmt"/>
        <line num="41" count="0" type="stmt"/>
        <line num="43" count="0" type="stmt"/>
        <line num="44" count="0" type="cond" truecount="0" falsecount="2"/>
        <line num="45" count="0" type="stmt"/>
        <line num="46" count="0" type="stmt"/>
        <line num="48" count="0" type="stmt"/>
        <line num="49" count="0" type="stmt"/>
        <line num="54" count="1" type="stmt"/>
        <line num="55" count="3" type="stmt"/>
        <line num="56" count="3" type="stmt"/>
        <line num="59" count="3" type="stmt"/>
        <line num="60" count="3" type="stmt"/>
        <line num="61" count="3" type="cond" truecount="1" falsecount="1"/>
        <line num="62" count="0" type="stmt"/>
        <line num="63" count="0" type="stmt"/>
        <line num="65" count="3" type="cond" truecount="2" falsecount="0"/>
        <line num="66" count="1" type="stmt"/>
        <line num="67" count="1" type="stmt"/>
        <line num="70" count="2" type="stmt"/>
        <line num="71" count="2" type="stmt"/>
        <line num="74" count="2" type="stmt"/>
        <line num="76" count="2" type="cond" truecount="2" falsecount="0"/>
        <line num="77" count="1" type="stmt"/>
        <line num="78" count="1" type="stmt"/>
        <line num="80" count="1" type="stmt"/>
        <line num="81" count="1" type="stmt"/>
        <line num="91" count="1" type="stmt"/>
        <line num="92" count="2" type="stmt"/>
        <line num="93" count="2" type="stmt"/>
        <line num="94" count="2" type="stmt"/>
        <line num="96" count="2" type="stmt"/>
        <line num="97" count="2" type="cond" truecount="2" falsecount="0"/>
        <line num="98" count="1" type="stmt"/>
        <line num="99" count="1" type="stmt"/>
        <line num="101" count="1" type="stmt"/>
        <line num="102" count="1" type="stmt"/>
        <line num="107" count="1" type="stmt"/>
        <line num="108" count="0" type="stmt"/>
        <line num="109" count="0" type="stmt"/>
        <line num="111" count="0" type="stmt"/>
        <line num="113" count="0" type="stmt"/>
        <line num="115" count="0" type="stmt"/>
        <line num="116" count="0" type="cond" truecount="0" falsecount="2"/>
        <line num="117" count="0" type="stmt"/>
        <line num="118" count="0" type="stmt"/>
        <line num="120" count="0" type="stmt"/>
        <line num="121" count="0" type="stmt"/>
        <line num="125" count="1" type="stmt"/>
        <line num="126" count="5" type="stmt"/>
        <line num="129" count="5" type="cond" truecount="2" falsecount="0"/>
        <line num="130" count="1" type="stmt"/>
        <line num="133" count="4" type="stmt"/>
        <line num="136" count="4" type="stmt"/>
        <line num="147" count="4" type="stmt"/>
        <line num="150" count="4" type="stmt"/>
        <line num="151" count="4" type="stmt"/>
        <line num="153" count="4" type="stmt"/>
        <line num="155" count="4" type="stmt"/>
        <line num="156" count="4" type="cond" truecount="2" falsecount="0"/>
        <line num="157" count="1" type="stmt"/>
        <line num="158" count="1" type="stmt"/>
        <line num="162" count="3" type="cond" truecount="2" falsecount="0"/>
        <line num="163" count="1" type="stmt"/>
        <line num="167" count="2" type="stmt"/>
        <line num="168" count="2" type="stmt"/>
        <line num="173" count="1" type="cond" truecount="1" falsecount="1"/>
        <line num="175" count="0" type="stmt"/>
        <line num="176" count="0" type="stmt"/>
        <line num="179" count="1" type="stmt"/>
      </file>
    </package>
    <package name="src">
      <metrics statements="16" coveredstatements="11" conditionals="17" coveredconditionals="9" methods="4" coveredmethods="2"/>
      <file name="App.jsx" path="C:\Users\katar\OneDrive\Dokumenti\RIRS vaje\vaja_testiranje\RIRS\aplikacija\src\App.jsx">
        <metrics statements="16" coveredstatements="11" conditionals="17" coveredconditionals="9" methods="4" coveredmethods="2"/>
        <line num="10" count="1" type="stmt"/>
        <line num="11" count="3" type="stmt"/>
        <line num="12" count="3" type="stmt"/>
        <line num="13" count="3" type="stmt"/>
        <line num="14" count="3" type="stmt"/>
        <line num="16" count="3" type="stmt"/>
        <line num="17" count="0" type="stmt"/>
        <line num="18" count="0" type="cond" truecount="0" falsecount="4"/>
        <line num="19" count="0" type="stmt"/>
        <line num="23" count="3" type="stmt"/>
        <line num="24" count="1" type="stmt"/>
        <line num="25" count="1" type="stmt"/>
        <line num="28" count="3" type="stmt"/>
        <line num="29" count="0" type="stmt"/>
        <line num="30" count="0" type="stmt"/>
        <line num="33" count="3" type="stmt"/>
      </file>
    </package>
    <package name="src.components">
      <metrics statements="22" coveredstatements="19" conditionals="4" coveredconditionals="3" methods="9" coveredmethods="9"/>
      <file name="EmployeeDetailsDialog.jsx" path="C:\Users\katar\OneDrive\Dokumenti\RIRS vaje\vaja_testiranje\RIRS\aplikacija\src\components\EmployeeDetailsDialog.jsx">
        <metrics statements="2" coveredstatements="2" conditionals="2" coveredconditionals="2" methods="1" coveredmethods="1"/>
        <line num="5" count="1" type="stmt"/>
        <line num="6" count="4" type="stmt"/>
      </file>
      <file name="Header.jsx" path="C:\Users\katar\OneDrive\Dokumenti\RIRS vaje\vaja_testiranje\RIRS\aplikacija\src\components\Header.jsx">
        <metrics statements="5" coveredstatements="5" conditionals="0" coveredconditionals="0" methods="4" coveredmethods="4"/>
        <line num="5" count="1" type="stmt"/>
        <line num="6" count="3" type="stmt"/>
        <line num="12" count="1" type="stmt"/>
        <line num="15" count="1" type="stmt"/>
        <line num="18" count="1" type="stmt"/>
      </file>
      <file name="LoginForm.jsx" path="C:\Users\katar\OneDrive\Dokumenti\RIRS vaje\vaja_testiranje\RIRS\aplikacija\src\components\LoginForm.jsx">
        <metrics statements="15" coveredstatements="12" conditionals="2" coveredconditionals="1" methods="4" coveredmethods="4"/>
        <line num="6" count="1" type="stmt"/>
        <line num="7" count="3" type="stmt"/>
        <line num="8" count="3" type="stmt"/>
        <line num="10" count="3" type="stmt"/>
        <line num="11" count="1" type="stmt"/>
        <line num="12" count="1" type="stmt"/>
        <line num="13" count="1" type="stmt"/>
        <line num="17" count="1" type="cond" truecount="1" falsecount="1"/>
        <line num="18" count="1" type="stmt"/>
        <line num="20" count="0" type="stmt"/>
        <line num="23" count="0" type="stmt"/>
        <line num="24" count="0" type="stmt"/>
        <line num="28" count="3" type="stmt"/>
        <line num="77" count="1" type="stmt"/>
        <line num="85" count="1" type="stmt"/>
      </file>
    </package>
  </project>
</coverage>
