{"C:\\Users\\katar\\OneDrive\\Dokumenti\\RIRS vaje\\vaja_testiranje\\RIRS\\aplikacija\\backend\\index.js": {"path":"C:\\Users\\katar\\OneDrive\\Dokumenti\\RIRS vaje\\vaja_testiranje\\RIRS\\aplikacija\\backend\\index.js","statementMap":{"0":{"start":{"line":1,"column":16},"end":{"line":1,"column":34}},"1":{"start":{"line":2,"column":14},"end":{"line":2,"column":31}},"2":{"start":{"line":3,"column":15},"end":{"line":3,"column":32}},"3":{"start":{"line":4,"column":13},"end":{"line":4,"column":28}},"4":{"start":{"line":5,"column":15},"end":{"line":5,"column":32}},"5":{"start":{"line":8,"column":0},"end":{"line":8,"column":35}},"6":{"start":{"line":11,"column":12},"end":{"line":11,"column":21}},"7":{"start":{"line":12,"column":13},"end":{"line":12,"column":17}},"8":{"start":{"line":15,"column":0},"end":{"line":15,"column":16}},"9":{"start":{"line":18,"column":0},"end":{"line":18,"column":24}},"10":{"start":{"line":21,"column":11},"end":{"line":27,"column":2}},"11":{"start":{"line":30,"column":0},"end":{"line":36,"column":3}},"12":{"start":{"line":31,"column":2},"end":{"line":34,"column":3}},"13":{"start":{"line":32,"column":4},"end":{"line":32,"column":53}},"14":{"start":{"line":33,"column":4},"end":{"line":33,"column":11}},"15":{"start":{"line":35,"column":2},"end":{"line":35,"column":45}},"16":{"start":{"line":39,"column":0},"end":{"line":51,"column":3}},"17":{"start":{"line":40,"column":2},"end":{"line":40,"column":57}},"18":{"start":{"line":41,"column":16},"end":{"line":41,"column":41}},"19":{"start":{"line":43,"column":2},"end":{"line":50,"column":5}},"20":{"start":{"line":44,"column":4},"end":{"line":47,"column":5}},"21":{"start":{"line":45,"column":6},"end":{"line":45,"column":55}},"22":{"start":{"line":46,"column":6},"end":{"line":46,"column":74}},"23":{"start":{"line":48,"column":4},"end":{"line":48,"column":60}},"24":{"start":{"line":49,"column":4},"end":{"line":49,"column":22}},"25":{"start":{"line":54,"column":0},"end":{"line":84,"column":3}},"26":{"start":{"line":55,"column":33},"end":{"line":55,"column":41}},"27":{"start":{"line":56,"column":2},"end":{"line":56,"column":46}},"28":{"start":{"line":59,"column":16},"end":{"line":59,"column":60}},"29":{"start":{"line":60,"column":2},"end":{"line":83,"column":5}},"30":{"start":{"line":61,"column":6},"end":{"line":64,"column":7}},"31":{"start":{"line":62,"column":10},"end":{"line":62,"column":48}},"32":{"start":{"line":63,"column":10},"end":{"line":63,"column":67}},"33":{"start":{"line":65,"column":6},"end":{"line":68,"column":7}},"34":{"start":{"line":66,"column":10},"end":{"line":66,"column":62}},"35":{"start":{"line":67,"column":10},"end":{"line":67,"column":90}},"36":{"start":{"line":70,"column":19},"end":{"line":70,"column":29}},"37":{"start":{"line":71,"column":6},"end":{"line":71,"column":41}},"38":{"start":{"line":74,"column":20},"end":{"line":74,"column":65}},"39":{"start":{"line":76,"column":6},"end":{"line":82,"column":7}},"40":{"start":{"line":77,"column":10},"end":{"line":77,"column":67}},"41":{"start":{"line":78,"column":10},"end":{"line":78,"column":51}},"42":{"start":{"line":80,"column":10},"end":{"line":80,"column":66}},"43":{"start":{"line":81,"column":10},"end":{"line":81,"column":90}},"44":{"start":{"line":91,"column":0},"end":{"line":104,"column":3}},"45":{"start":{"line":92,"column":21},"end":{"line":92,"column":41}},"46":{"start":{"line":93,"column":2},"end":{"line":93,"column":63}},"47":{"start":{"line":94,"column":16},"end":{"line":94,"column":66}},"48":{"start":{"line":96,"column":2},"end":{"line":103,"column":5}},"49":{"start":{"line":97,"column":4},"end":{"line":100,"column":5}},"50":{"start":{"line":98,"column":6},"end":{"line":98,"column":53}},"51":{"start":{"line":99,"column":6},"end":{"line":99,"column":72}},"52":{"start":{"line":101,"column":4},"end":{"line":101,"column":45}},"53":{"start":{"line":102,"column":4},"end":{"line":102,"column":22}},"54":{"start":{"line":107,"column":0},"end":{"line":123,"column":3}},"55":{"start":{"line":108,"column":13},"end":{"line":108,"column":26}},"56":{"start":{"line":109,"column":45},"end":{"line":109,"column":53}},"57":{"start":{"line":111,"column":2},"end":{"line":111,"column":83}},"58":{"start":{"line":113,"column":16},"end":{"line":113,"column":98}},"59":{"start":{"line":115,"column":2},"end":{"line":122,"column":5}},"60":{"start":{"line":116,"column":6},"end":{"line":119,"column":7}},"61":{"start":{"line":117,"column":10},"end":{"line":117,"column":55}},"62":{"start":{"line":118,"column":10},"end":{"line":118,"column":74}},"63":{"start":{"line":120,"column":6},"end":{"line":120,"column":59}},"64":{"start":{"line":121,"column":6},"end":{"line":121,"column":69}},"65":{"start":{"line":125,"column":0},"end":{"line":170,"column":3}},"66":{"start":{"line":126,"column":32},"end":{"line":126,"column":41}},"67":{"start":{"line":129,"column":2},"end":{"line":131,"column":3}},"68":{"start":{"line":130,"column":4},"end":{"line":130,"column":72}},"69":{"start":{"line":133,"column":2},"end":{"line":133,"column":88}},"70":{"start":{"line":136,"column":14},"end":{"line":146,"column":3}},"71":{"start":{"line":147,"column":22},"end":{"line":147,"column":29}},"72":{"start":{"line":150,"column":2},"end":{"line":150,"column":34}},"73":{"start":{"line":151,"column":2},"end":{"line":151,"column":31}},"74":{"start":{"line":153,"column":2},"end":{"line":153,"column":48}},"75":{"start":{"line":155,"column":2},"end":{"line":169,"column":5}},"76":{"start":{"line":156,"column":4},"end":{"line":159,"column":5}},"77":{"start":{"line":157,"column":6},"end":{"line":157,"column":53}},"78":{"start":{"line":158,"column":6},"end":{"line":158,"column":72}},"79":{"start":{"line":162,"column":4},"end":{"line":164,"column":5}},"80":{"start":{"line":163,"column":6},"end":{"line":163,"column":90}},"81":{"start":{"line":167,"column":4},"end":{"line":167,"column":37}},"82":{"start":{"line":168,"column":4},"end":{"line":168,"column":22}},"83":{"start":{"line":173,"column":0},"end":{"line":178,"column":1}},"84":{"start":{"line":175,"column":2},"end":{"line":177,"column":5}},"85":{"start":{"line":176,"column":4},"end":{"line":176,"column":59}},"86":{"start":{"line":179,"column":0},"end":{"line":179,"column":21}}},"fnMap":{"0":{"name":"(anonymous_0)","decl":{"start":{"line":30,"column":11},"end":{"line":30,"column":12}},"loc":{"start":{"line":30,"column":20},"end":{"line":36,"column":1}},"line":30},"1":{"name":"(anonymous_1)","decl":{"start":{"line":39,"column":26},"end":{"line":39,"column":27}},"loc":{"start":{"line":39,"column":40},"end":{"line":51,"column":1}},"line":39},"2":{"name":"(anonymous_2)","decl":{"start":{"line":43,"column":18},"end":{"line":43,"column":19}},"loc":{"start":{"line":43,"column":36},"end":{"line":50,"column":3}},"line":43},"3":{"name":"(anonymous_3)","decl":{"start":{"line":54,"column":23},"end":{"line":54,"column":24}},"loc":{"start":{"line":54,"column":43},"end":{"line":84,"column":1}},"line":54},"4":{"name":"(anonymous_4)","decl":{"start":{"line":60,"column":30},"end":{"line":60,"column":31}},"loc":{"start":{"line":60,"column":54},"end":{"line":83,"column":3}},"line":60},"5":{"name":"(anonymous_5)","decl":{"start":{"line":91,"column":24},"end":{"line":91,"column":25}},"loc":{"start":{"line":91,"column":38},"end":{"line":104,"column":1}},"line":91},"6":{"name":"(anonymous_6)","decl":{"start":{"line":96,"column":32},"end":{"line":96,"column":33}},"loc":{"start":{"line":96,"column":50},"end":{"line":103,"column":3}},"line":96},"7":{"name":"(anonymous_7)","decl":{"start":{"line":107,"column":28},"end":{"line":107,"column":29}},"loc":{"start":{"line":107,"column":42},"end":{"line":123,"column":1}},"line":107},"8":{"name":"(anonymous_8)","decl":{"start":{"line":115,"column":56},"end":{"line":115,"column":57}},"loc":{"start":{"line":115,"column":73},"end":{"line":122,"column":3}},"line":115},"9":{"name":"(anonymous_9)","decl":{"start":{"line":125,"column":30},"end":{"line":125,"column":31}},"loc":{"start":{"line":125,"column":44},"end":{"line":170,"column":1}},"line":125},"10":{"name":"(anonymous_10)","decl":{"start":{"line":155,"column":31},"end":{"line":155,"column":32}},"loc":{"start":{"line":155,"column":49},"end":{"line":169,"column":3}},"line":155},"11":{"name":"(anonymous_11)","decl":{"start":{"line":175,"column":19},"end":{"line":175,"column":20}},"loc":{"start":{"line":175,"column":25},"end":{"line":177,"column":3}},"line":175}},"branchMap":{"0":{"loc":{"start":{"line":31,"column":2},"end":{"line":34,"column":3}},"type":"if","locations":[{"start":{"line":31,"column":2},"end":{"line":34,"column":3}},{"start":{},"end":{}}],"line":31},"1":{"loc":{"start":{"line":44,"column":4},"end":{"line":47,"column":5}},"type":"if","locations":[{"start":{"line":44,"column":4},"end":{"line":47,"column":5}},{"start":{},"end":{}}],"line":44},"2":{"loc":{"start":{"line":61,"column":6},"end":{"line":64,"column":7}},"type":"if","locations":[{"start":{"line":61,"column":6},"end":{"line":64,"column":7}},{"start":{},"end":{}}],"line":61},"3":{"loc":{"start":{"line":65,"column":6},"end":{"line":68,"column":7}},"type":"if","locations":[{"start":{"line":65,"column":6},"end":{"line":68,"column":7}},{"start":{},"end":{}}],"line":65},"4":{"loc":{"start":{"line":76,"column":6},"end":{"line":82,"column":7}},"type":"if","locations":[{"start":{"line":76,"column":6},"end":{"line":82,"column":7}},{"start":{"line":79,"column":13},"end":{"line":82,"column":7}}],"line":76},"5":{"loc":{"start":{"line":97,"column":4},"end":{"line":100,"column":5}},"type":"if","locations":[{"start":{"line":97,"column":4},"end":{"line":100,"column":5}},{"start":{},"end":{}}],"line":97},"6":{"loc":{"start":{"line":116,"column":6},"end":{"line":119,"column":7}},"type":"if","locations":[{"start":{"line":116,"column":6},"end":{"line":119,"column":7}},{"start":{},"end":{}}],"line":116},"7":{"loc":{"start":{"line":129,"column":2},"end":{"line":131,"column":3}},"type":"if","locations":[{"start":{"line":129,"column":2},"end":{"line":131,"column":3}},{"start":{},"end":{}}],"line":129},"8":{"loc":{"start":{"line":156,"column":4},"end":{"line":159,"column":5}},"type":"if","locations":[{"start":{"line":156,"column":4},"end":{"line":159,"column":5}},{"start":{},"end":{}}],"line":156},"9":{"loc":{"start":{"line":162,"column":4},"end":{"line":164,"column":5}},"type":"if","locations":[{"start":{"line":162,"column":4},"end":{"line":164,"column":5}},{"start":{},"end":{}}],"line":162},"10":{"loc":{"start":{"line":173,"column":0},"end":{"line":178,"column":1}},"type":"if","locations":[{"start":{"line":173,"column":0},"end":{"line":178,"column":1}},{"start":{},"end":{}}],"line":173}},"s":{"0":1,"1":1,"2":1,"3":1,"4":1,"5":1,"6":1,"7":1,"8":1,"9":1,"10":1,"11":1,"12":0,"13":0,"14":0,"15":0,"16":1,"17":0,"18":0,"19":0,"20":0,"21":0,"22":0,"23":0,"24":0,"25":1,"26":3,"27":3,"28":3,"29":3,"30":3,"31":0,"32":0,"33":3,"34":1,"35":1,"36":2,"37":2,"38":2,"39":2,"40":1,"41":1,"42":1,"43":1,"44":1,"45":2,"46":2,"47":2,"48":2,"49":2,"50":1,"51":1,"52":1,"53":1,"54":1,"55":0,"56":0,"57":0,"58":0,"59":0,"60":0,"61":0,"62":0,"63":0,"64":0,"65":1,"66":5,"67":5,"68":1,"69":4,"70":4,"71":4,"72":4,"73":4,"74":4,"75":4,"76":4,"77":1,"78":1,"79":3,"80":1,"81":2,"82":2,"83":1,"84":0,"85":0,"86":1},"f":{"0":0,"1":0,"2":0,"3":3,"4":3,"5":2,"6":2,"7":0,"8":0,"9":5,"10":4,"11":0},"b":{"0":[0,0],"1":[0,0],"2":[0,3],"3":[1,2],"4":[1,1],"5":[1,1],"6":[0,0],"7":[1,4],"8":[1,3],"9":[1,2],"10":[0,1]},"_coverageSchema":"1a1c01bbd47fc00a2c39e90264f33305004495a9","hash":"fa84c098fe9db0b328522e3cc977d2515e1863cf"}
,"C:\\Users\\katar\\OneDrive\\Dokumenti\\RIRS vaje\\vaja_testiranje\\RIRS\\aplikacija\\src\\App.jsx": {"path":"C:\\Users\\katar\\OneDrive\\Dokumenti\\RIRS vaje\\vaja_testiranje\\RIRS\\aplikacija\\src\\App.jsx","statementMap":{"0":{"start":{"line":10,"column":12},"end":{"line":51,"column":1}},"1":{"start":{"line":11,"column":40},"end":{"line":11,"column":57}},"2":{"start":{"line":12,"column":48},"end":{"line":12,"column":63}},"3":{"start":{"line":13,"column":38},"end":{"line":13,"column":52}},"4":{"start":{"line":14,"column":44},"end":{"line":14,"column":58}},"5":{"start":{"line":16,"column":25},"end":{"line":21,"column":3}},"6":{"start":{"line":17,"column":4},"end":{"line":17,"column":25}},"7":{"start":{"line":18,"column":4},"end":{"line":20,"column":5}},"8":{"start":{"line":19,"column":6},"end":{"line":19,"column":23}},"9":{"start":{"line":23,"column":22},"end":{"line":26,"column":3}},"10":{"start":{"line":24,"column":4},"end":{"line":24,"column":29}},"11":{"start":{"line":25,"column":4},"end":{"line":25,"column":31}},"12":{"start":{"line":28,"column":21},"end":{"line":31,"column":3}},"13":{"start":{"line":29,"column":4},"end":{"line":29,"column":28}},"14":{"start":{"line":30,"column":4},"end":{"line":30,"column":32}},"15":{"start":{"line":33,"column":2},"end":{"line":50,"column":4}}},"fnMap":{"0":{"name":"(anonymous_0)","decl":{"start":{"line":10,"column":12},"end":{"line":10,"column":13}},"loc":{"start":{"line":10,"column":18},"end":{"line":51,"column":1}},"line":10},"1":{"name":"(anonymous_1)","decl":{"start":{"line":16,"column":25},"end":{"line":16,"column":26}},"loc":{"start":{"line":16,"column":35},"end":{"line":21,"column":3}},"line":16},"2":{"name":"(anonymous_2)","decl":{"start":{"line":23,"column":22},"end":{"line":23,"column":23}},"loc":{"start":{"line":23,"column":28},"end":{"line":26,"column":3}},"line":23},"3":{"name":"(anonymous_3)","decl":{"start":{"line":28,"column":21},"end":{"line":28,"column":22}},"loc":{"start":{"line":28,"column":32},"end":{"line":31,"column":3}},"line":28}},"branchMap":{"0":{"loc":{"start":{"line":18,"column":4},"end":{"line":20,"column":5}},"type":"if","locations":[{"start":{"line":18,"column":4},"end":{"line":20,"column":5}},{"start":{},"end":{}}],"line":18},"1":{"loc":{"start":{"line":18,"column":8},"end":{"line":18,"column":50}},"type":"binary-expr","locations":[{"start":{"line":18,"column":8},"end":{"line":18,"column":31}},{"start":{"line":18,"column":35},"end":{"line":18,"column":50}}],"line":18},"2":{"loc":{"start":{"line":36,"column":9},"end":{"line":36,"column":74}},"type":"binary-expr","locations":[{"start":{"line":36,"column":9},"end":{"line":36,"column":32}},{"start":{"line":36,"column":36},"end":{"line":36,"column":74}}],"line":36},"3":{"loc":{"start":{"line":37,"column":9},"end":{"line":37,"column":71}},"type":"binary-expr","locations":[{"start":{"line":37,"column":9},"end":{"line":37,"column":32}},{"start":{"line":37,"column":36},"end":{"line":37,"column":71}}],"line":37},"4":{"loc":{"start":{"line":38,"column":9},"end":{"line":38,"column":60}},"type":"binary-expr","locations":[{"start":{"line":38,"column":9},"end":{"line":38,"column":35}},{"start":{"line":38,"column":39},"end":{"line":38,"column":60}}],"line":38},"5":{"loc":{"start":{"line":39,"column":9},"end":{"line":41,"column":9}},"type":"binary-expr","locations":[{"start":{"line":39,"column":9},"end":{"line":39,"column":39}},{"start":{"line":40,"column":10},"end":{"line":40,"column":76}}],"line":39},"6":{"loc":{"start":{"line":42,"column":9},"end":{"line":44,"column":9}},"type":"binary-expr","locations":[{"start":{"line":42,"column":9},"end":{"line":42,"column":34}},{"start":{"line":43,"column":10},"end":{"line":43,"column":66}}],"line":42},"7":{"loc":{"start":{"line":45,"column":9},"end":{"line":47,"column":9}},"type":"binary-expr","locations":[{"start":{"line":45,"column":9},"end":{"line":45,"column":36}},{"start":{"line":45,"column":40},"end":{"line":45,"column":53}},{"start":{"line":46,"column":10},"end":{"line":46,"column":54}}],"line":45}},"s":{"0":1,"1":3,"2":3,"3":3,"4":3,"5":3,"6":0,"7":0,"8":0,"9":3,"10":1,"11":1,"12":3,"13":0,"14":0,"15":3},"f":{"0":3,"1":0,"2":1,"3":0},"b":{"0":[0,0],"1":[0,0],"2":[3,1],"3":[3,2],"4":[3,1],"5":[3,0],"6":[3,0],"7":[3,0,0]},"_coverageSchema":"1a1c01bbd47fc00a2c39e90264f33305004495a9","hash":"4acc492f2d793463022f8ce92372d89b94bab832"}
,"C:\\Users\\katar\\OneDrive\\Dokumenti\\RIRS vaje\\vaja_testiranje\\RIRS\\aplikacija\\src\\components\\EmployeeDetailsDialog.jsx": {"path":"C:\\Users\\katar\\OneDrive\\Dokumenti\\RIRS vaje\\vaja_testiranje\\RIRS\\aplikacija\\src\\components\\EmployeeDetailsDialog.jsx","statementMap":{"0":{"start":{"line":5,"column":30},"end":{"line":46,"column":1}},"1":{"start":{"line":6,"column":2},"end":{"line":45,"column":4}}},"fnMap":{"0":{"name":"(anonymous_0)","decl":{"start":{"line":5,"column":30},"end":{"line":5,"column":31}},"loc":{"start":{"line":5,"column":63},"end":{"line":46,"column":1}},"line":5}},"branchMap":{"0":{"loc":{"start":{"line":10,"column":9},"end":{"line":37,"column":9}},"type":"binary-expr","locations":[{"start":{"line":10,"column":9},"end":{"line":10,"column":17}},{"start":{"line":11,"column":10},"end":{"line":36,"column":16}}],"line":10}},"s":{"0":1,"1":4},"f":{"0":4},"b":{"0":[4,3]},"_coverageSchema":"1a1c01bbd47fc00a2c39e90264f33305004495a9","hash":"667f104d66948c05393d7889f7dcc1db0ffff253"}
,"C:\\Users\\katar\\OneDrive\\Dokumenti\\RIRS vaje\\vaja_testiranje\\RIRS\\aplikacija\\src\\components\\Header.jsx": {"path":"C:\\Users\\katar\\OneDrive\\Dokumenti\\RIRS vaje\\vaja_testiranje\\RIRS\\aplikacija\\src\\components\\Header.jsx","statementMap":{"0":{"start":{"line":5,"column":15},"end":{"line":24,"column":1}},"1":{"start":{"line":6,"column":2},"end":{"line":23,"column":4}},"2":{"start":{"line":12,"column":47},"end":{"line":12,"column":69}},"3":{"start":{"line":15,"column":47},"end":{"line":15,"column":73}},"4":{"start":{"line":18,"column":47},"end":{"line":18,"column":68}}},"fnMap":{"0":{"name":"(anonymous_0)","decl":{"start":{"line":5,"column":15},"end":{"line":5,"column":16}},"loc":{"start":{"line":5,"column":35},"end":{"line":24,"column":1}},"line":5},"1":{"name":"(anonymous_1)","decl":{"start":{"line":12,"column":41},"end":{"line":12,"column":42}},"loc":{"start":{"line":12,"column":47},"end":{"line":12,"column":69}},"line":12},"2":{"name":"(anonymous_2)","decl":{"start":{"line":15,"column":41},"end":{"line":15,"column":42}},"loc":{"start":{"line":15,"column":47},"end":{"line":15,"column":73}},"line":15},"3":{"name":"(anonymous_3)","decl":{"start":{"line":18,"column":41},"end":{"line":18,"column":42}},"loc":{"start":{"line":18,"column":47},"end":{"line":18,"column":68}},"line":18}},"branchMap":{},"s":{"0":1,"1":3,"2":1,"3":1,"4":1},"f":{"0":3,"1":1,"2":1,"3":1},"b":{},"_coverageSchema":"1a1c01bbd47fc00a2c39e90264f33305004495a9","hash":"b60c2a821eb2ec8cfe2ca0d41dd1dcd3061d6c82"}
,"C:\\Users\\katar\\OneDrive\\Dokumenti\\RIRS vaje\\vaja_testiranje\\RIRS\\aplikacija\\src\\components\\LoginForm.jsx": {"path":"C:\\Users\\katar\\OneDrive\\Dokumenti\\RIRS vaje\\vaja_testiranje\\RIRS\\aplikacija\\src\\components\\LoginForm.jsx","statementMap":{"0":{"start":{"line":6,"column":18},"end":{"line":97,"column":1}},"1":{"start":{"line":7,"column":34},"end":{"line":7,"column":46}},"2":{"start":{"line":8,"column":34},"end":{"line":8,"column":46}},"3":{"start":{"line":10,"column":23},"end":{"line":26,"column":3}},"4":{"start":{"line":11,"column":4},"end":{"line":11,"column":23}},"5":{"start":{"line":12,"column":4},"end":{"line":25,"column":5}},"6":{"start":{"line":13,"column":23},"end":{"line":16,"column":8}},"7":{"start":{"line":17,"column":6},"end":{"line":21,"column":7}},"8":{"start":{"line":18,"column":8},"end":{"line":18,"column":36}},"9":{"start":{"line":20,"column":8},"end":{"line":20,"column":37}},"10":{"start":{"line":23,"column":6},"end":{"line":23,"column":43}},"11":{"start":{"line":24,"column":6},"end":{"line":24,"column":28}},"12":{"start":{"line":28,"column":2},"end":{"line":96,"column":4}},"13":{"start":{"line":77,"column":31},"end":{"line":77,"column":58}},"14":{"start":{"line":85,"column":31},"end":{"line":85,"column":58}}},"fnMap":{"0":{"name":"(anonymous_0)","decl":{"start":{"line":6,"column":18},"end":{"line":6,"column":19}},"loc":{"start":{"line":6,"column":35},"end":{"line":97,"column":1}},"line":6},"1":{"name":"(anonymous_1)","decl":{"start":{"line":10,"column":23},"end":{"line":10,"column":24}},"loc":{"start":{"line":10,"column":36},"end":{"line":26,"column":3}},"line":10},"2":{"name":"(anonymous_2)","decl":{"start":{"line":77,"column":24},"end":{"line":77,"column":25}},"loc":{"start":{"line":77,"column":31},"end":{"line":77,"column":58}},"line":77},"3":{"name":"(anonymous_3)","decl":{"start":{"line":85,"column":24},"end":{"line":85,"column":25}},"loc":{"start":{"line":85,"column":31},"end":{"line":85,"column":58}},"line":85}},"branchMap":{"0":{"loc":{"start":{"line":17,"column":6},"end":{"line":21,"column":7}},"type":"if","locations":[{"start":{"line":17,"column":6},"end":{"line":21,"column":7}},{"start":{"line":19,"column":13},"end":{"line":21,"column":7}}],"line":17}},"s":{"0":1,"1":3,"2":3,"3":3,"4":1,"5":1,"6":1,"7":1,"8":1,"9":0,"10":0,"11":0,"12":3,"13":1,"14":1},"f":{"0":3,"1":1,"2":1,"3":1},"b":{"0":[1,0]},"_coverageSchema":"1a1c01bbd47fc00a2c39e90264f33305004495a9","hash":"8910a0b15d630810dea96ec4d66a801373a487c7"}
}
