TN:
SF:backend\index.js
FN:30,(anonymous_0)
FN:39,(anonymous_1)
FN:43,(anonymous_2)
FN:54,(anonymous_3)
FN:59,(anonymous_4)
FN:89,(anonymous_5)
FN:94,(anonymous_6)
FN:105,(anonymous_7)
FN:113,(anonymous_8)
FN:123,(anonymous_9)
FN:151,(anonymous_10)
FN:168,(anonymous_11)
FNF:12
FNH:6
FNDA:0,(anonymous_0)
FNDA:0,(anonymous_1)
FNDA:0,(anonymous_2)
FNDA:3,(anonymous_3)
FNDA:3,(anonymous_4)
FNDA:2,(anonymous_5)
FNDA:2,(anonymous_6)
FNDA:0,(anonymous_7)
FNDA:0,(anonymous_8)
FNDA:5,(anonymous_9)
FNDA:4,(anonymous_10)
FNDA:0,(anonymous_11)
DA:1,1
DA:2,1
DA:3,1
DA:4,1
DA:5,1
DA:8,1
DA:11,1
DA:12,1
DA:15,1
DA:18,1
DA:21,1
DA:30,1
DA:31,0
DA:32,0
DA:33,0
DA:35,0
DA:39,1
DA:40,0
DA:41,0
DA:43,0
DA:44,0
DA:45,0
DA:46,0
DA:48,0
DA:49,0
DA:54,1
DA:55,3
DA:56,3
DA:58,3
DA:59,3
DA:60,3
DA:61,0
DA:62,0
DA:64,3
DA:65,1
DA:66,1
DA:69,2
DA:70,2
DA:72,2
DA:74,2
DA:75,1
DA:76,1
DA:78,1
DA:79,1
DA:89,1
DA:90,2
DA:91,2
DA:92,2
DA:94,2
DA:95,2
DA:96,1
DA:97,1
DA:99,1
DA:100,1
DA:105,1
DA:106,0
DA:107,0
DA:109,0
DA:111,0
DA:113,0
DA:114,0
DA:115,0
DA:116,0
DA:118,0
DA:119,0
DA:123,1
DA:124,5
DA:126,5
DA:127,1
DA:130,4
DA:132,4
DA:143,4
DA:146,4
DA:147,4
DA:149,4
DA:151,4
DA:152,4
DA:153,1
DA:154,1
DA:157,3
DA:158,1
DA:161,2
DA:162,2
DA:167,1
DA:168,0
DA:169,0
DA:172,1
LF:87
LH:61
BRDA:31,0,0,0
BRDA:31,0,1,0
BRDA:44,1,0,0
BRDA:44,1,1,0
BRDA:60,2,0,0
BRDA:60,2,1,3
BRDA:64,3,0,1
BRDA:64,3,1,2
BRDA:74,4,0,1
BRDA:74,4,1,1
BRDA:95,5,0,1
BRDA:95,5,1,1
BRDA:114,6,0,0
BRDA:114,6,1,0
BRDA:126,7,0,1
BRDA:126,7,1,4
BRDA:152,8,0,1
BRDA:152,8,1,3
BRDA:157,9,0,1
BRDA:157,9,1,2
BRDA:167,10,0,0
BRDA:167,10,1,1
BRF:22
BRH:14
end_of_record
TN:
SF:src\App.jsx
FN:10,(anonymous_0)
FN:16,(anonymous_1)
FN:23,(anonymous_2)
FN:28,(anonymous_3)
FNF:4
FNH:2
FNDA:3,(anonymous_0)
FNDA:0,(anonymous_1)
FNDA:1,(anonymous_2)
FNDA:0,(anonymous_3)
DA:10,1
DA:11,3
DA:12,3
DA:13,3
DA:14,3
DA:16,3
DA:17,0
DA:18,0
DA:19,0
DA:23,3
DA:24,1
DA:25,1
DA:28,3
DA:29,0
DA:30,0
DA:33,3
LF:16
LH:11
BRDA:18,0,0,0
BRDA:18,0,1,0
BRDA:18,1,0,0
BRDA:18,1,1,0
BRDA:36,2,0,3
BRDA:36,2,1,1
BRDA:37,3,0,3
BRDA:37,3,1,2
BRDA:38,4,0,3
BRDA:38,4,1,1
BRDA:39,5,0,3
BRDA:39,5,1,0
BRDA:42,6,0,3
BRDA:42,6,1,0
BRDA:45,7,0,3
BRDA:45,7,1,0
BRDA:45,7,2,0
BRF:17
BRH:9
end_of_record
TN:
SF:src\components\EditEntryForm.jsx
FN:6,(anonymous_0)
FN:13,(anonymous_1)
FN:14,(anonymous_2)
FN:25,(anonymous_3)
FN:33,(anonymous_4)
FNF:5
FNH:3
FNDA:3,(anonymous_0)
FNDA:2,(anonymous_1)
FNDA:2,(anonymous_2)
FNDA:0,(anonymous_3)
FNDA:0,(anonymous_4)
DA:6,1
DA:7,3
DA:13,3
DA:14,2
DA:15,2
DA:16,2
DA:17,2
DA:19,0
DA:22,2
DA:25,3
DA:26,0
DA:27,0
DA:33,3
DA:34,0
DA:35,0
DA:36,0
DA:37,0
DA:38,0
DA:39,0
DA:41,0
DA:42,0
DA:47,3
DA:108,1
LF:23
LH:12
BRF:0
BRH:0
end_of_record
TN:
SF:src\components\EmployeeDetailsDialog.jsx
FN:5,(anonymous_0)
FNF:1
FNH:1
FNDA:2,(anonymous_0)
DA:5,1
DA:6,2
LF:2
LH:2
BRDA:10,0,0,2
BRDA:10,0,1,1
BRF:2
BRH:2
end_of_record
TN:
SF:src\components\Header.jsx
FN:5,(anonymous_0)
FN:12,(anonymous_1)
FN:15,(anonymous_2)
FN:18,(anonymous_3)
FNF:4
FNH:4
FNDA:3,(anonymous_0)
FNDA:1,(anonymous_1)
FNDA:1,(anonymous_2)
FNDA:1,(anonymous_3)
DA:5,1
DA:6,3
DA:12,1
DA:15,1
DA:18,1
LF:5
LH:5
BRF:0
BRH:0
end_of_record
TN:
SF:src\components\LoginForm.jsx
FN:6,(anonymous_0)
FN:10,(anonymous_1)
FN:77,(anonymous_2)
FN:85,(anonymous_3)
FNF:4
FNH:4
FNDA:3,(anonymous_0)
FNDA:1,(anonymous_1)
FNDA:1,(anonymous_2)
FNDA:1,(anonymous_3)
DA:6,1
DA:7,3
DA:8,3
DA:10,3
DA:11,1
DA:12,1
DA:13,1
DA:17,1
DA:18,1
DA:20,0
DA:23,0
DA:24,0
DA:28,3
DA:77,1
DA:85,1
LF:15
LH:12
BRDA:17,0,0,1
BRDA:17,0,1,0
BRF:2
BRH:1
end_of_record
