TN:
SF:backend\index.js
FN:30,(anonymous_0)
FN:39,(anonymous_1)
FN:43,(anonymous_2)
FN:54,(anonymous_3)
FN:60,(anonymous_4)
FN:91,(anonymous_5)
FN:96,(anonymous_6)
FN:107,(anonymous_7)
FN:115,(anonymous_8)
FN:125,(anonymous_9)
FN:155,(anonymous_10)
FN:175,(anonymous_11)
FNF:12
FNH:6
FNDA:0,(anonymous_0)
FNDA:0,(anonymous_1)
FNDA:0,(anonymous_2)
FNDA:3,(anonymous_3)
FNDA:3,(anonymous_4)
FNDA:2,(anonymous_5)
FNDA:2,(anonymous_6)
FNDA:0,(anonymous_7)
FNDA:0,(anonymous_8)
FNDA:5,(anonymous_9)
FNDA:4,(anonymous_10)
FNDA:0,(anonymous_11)
DA:1,1
DA:2,1
DA:3,1
DA:4,1
DA:5,1
DA:8,1
DA:11,1
DA:12,1
DA:15,1
DA:18,1
DA:21,1
DA:30,1
DA:31,0
DA:32,0
DA:33,0
DA:35,0
DA:39,1
DA:40,0
DA:41,0
DA:43,0
DA:44,0
DA:45,0
DA:46,0
DA:48,0
DA:49,0
DA:54,1
DA:55,3
DA:56,3
DA:59,3
DA:60,3
DA:61,3
DA:62,0
DA:63,0
DA:65,3
DA:66,1
DA:67,1
DA:70,2
DA:71,2
DA:74,2
DA:76,2
DA:77,1
DA:78,1
DA:80,1
DA:81,1
DA:91,1
DA:92,2
DA:93,2
DA:94,2
DA:96,2
DA:97,2
DA:98,1
DA:99,1
DA:101,1
DA:102,1
DA:107,1
DA:108,0
DA:109,0
DA:111,0
DA:113,0
DA:115,0
DA:116,0
DA:117,0
DA:118,0
DA:120,0
DA:121,0
DA:125,1
DA:126,5
DA:129,5
DA:130,1
DA:133,4
DA:136,4
DA:147,4
DA:150,4
DA:151,4
DA:153,4
DA:155,4
DA:156,4
DA:157,1
DA:158,1
DA:162,3
DA:163,1
DA:167,2
DA:168,2
DA:173,1
DA:175,0
DA:176,0
DA:179,1
LF:87
LH:61
BRDA:31,0,0,0
BRDA:31,0,1,0
BRDA:44,1,0,0
BRDA:44,1,1,0
BRDA:61,2,0,0
BRDA:61,2,1,3
BRDA:65,3,0,1
BRDA:65,3,1,2
BRDA:76,4,0,1
BRDA:76,4,1,1
BRDA:97,5,0,1
BRDA:97,5,1,1
BRDA:116,6,0,0
BRDA:116,6,1,0
BRDA:129,7,0,1
BRDA:129,7,1,4
BRDA:156,8,0,1
BRDA:156,8,1,3
BRDA:162,9,0,1
BRDA:162,9,1,2
BRDA:173,10,0,0
BRDA:173,10,1,1
BRF:22
BRH:14
end_of_record
TN:
SF:src\App.jsx
FN:10,(anonymous_0)
FN:16,(anonymous_1)
FN:23,(anonymous_2)
FN:28,(anonymous_3)
FNF:4
FNH:2
FNDA:3,(anonymous_0)
FNDA:0,(anonymous_1)
FNDA:1,(anonymous_2)
FNDA:0,(anonymous_3)
DA:10,1
DA:11,3
DA:12,3
DA:13,3
DA:14,3
DA:16,3
DA:17,0
DA:18,0
DA:19,0
DA:23,3
DA:24,1
DA:25,1
DA:28,3
DA:29,0
DA:30,0
DA:33,3
LF:16
LH:11
BRDA:18,0,0,0
BRDA:18,0,1,0
BRDA:18,1,0,0
BRDA:18,1,1,0
BRDA:36,2,0,3
BRDA:36,2,1,1
BRDA:37,3,0,3
BRDA:37,3,1,2
BRDA:38,4,0,3
BRDA:38,4,1,1
BRDA:39,5,0,3
BRDA:39,5,1,0
BRDA:42,6,0,3
BRDA:42,6,1,0
BRDA:45,7,0,3
BRDA:45,7,1,0
BRDA:45,7,2,0
BRF:17
BRH:9
end_of_record
TN:
SF:src\components\EmployeeDetailsDialog.jsx
FN:5,(anonymous_0)
FNF:1
FNH:1
FNDA:4,(anonymous_0)
DA:5,1
DA:6,4
LF:2
LH:2
BRDA:10,0,0,4
BRDA:10,0,1,3
BRF:2
BRH:2
end_of_record
TN:
SF:src\components\Header.jsx
FN:5,(anonymous_0)
FN:12,(anonymous_1)
FN:15,(anonymous_2)
FN:18,(anonymous_3)
FNF:4
FNH:4
FNDA:3,(anonymous_0)
FNDA:1,(anonymous_1)
FNDA:1,(anonymous_2)
FNDA:1,(anonymous_3)
DA:5,1
DA:6,3
DA:12,1
DA:15,1
DA:18,1
LF:5
LH:5
BRF:0
BRH:0
end_of_record
TN:
SF:src\components\LoginForm.jsx
FN:6,(anonymous_0)
FN:10,(anonymous_1)
FN:77,(anonymous_2)
FN:85,(anonymous_3)
FNF:4
FNH:4
FNDA:3,(anonymous_0)
FNDA:1,(anonymous_1)
FNDA:1,(anonymous_2)
FNDA:1,(anonymous_3)
DA:6,1
DA:7,3
DA:8,3
DA:10,3
DA:11,1
DA:12,1
DA:13,1
DA:17,1
DA:18,1
DA:20,0
DA:23,0
DA:24,0
DA:28,3
DA:77,1
DA:85,1
LF:15
LH:12
BRDA:17,0,0,1
BRDA:17,0,1,0
BRF:2
BRH:1
end_of_record
